<?xml version="1.0" encoding="UTF-8"?>
<!-- Generated by org.testng.reporters.JUnitXMLReporter -->
<testsuite ignored="0" hostname="NIN006414" failures="0" tests="1" name="Test" time="2.838" errors="0" timestamp="2021-09-04T22:01:42 IST">
  <testcase classname="projectname.base.testcases" name="@BeforeTest open" time="2.76">
    <failure type="org.openqa.selenium.SessionNotCreatedException" message="session not created: This version of ChromeDriver only supports Chrome version 91
Current browser version is 93.0.4577.63 with binary path C:\Program Files (x86)\Google\Chrome\Application\chrome.exe
Build info: version: &amp;apos;3.141.59&amp;apos;, revision: &amp;apos;e82be7d358&amp;apos;, time: &amp;apos;2018-11-14T08:17:03&amp;apos;
System info: host: &amp;apos;NIN006414&amp;apos;, ip: &amp;apos;192.168.56.1&amp;apos;, os.name: &amp;apos;Windows 10&amp;apos;, os.arch: &amp;apos;amd64&amp;apos;, os.version: &amp;apos;10.0&amp;apos;, java.version: &amp;apos;14.0.1&amp;apos;
Driver info: driver.version: ChromeDriver
remote stacktrace: Backtrace:
	Ordinal0 [0x011E3733+2504499]
	Ordinal0 [0x0117C401+2081793]
	Ordinal0 [0x01082628+1058344]
	Ordinal0 [0x010A071A+1181466]
	Ordinal0 [0x0109C58C+1164684]
	Ordinal0 [0x01099DC3+1154499]
	Ordinal0 [0x010C9B82+1350530]
	Ordinal0 [0x010C97DA+1349594]
	Ordinal0 [0x010C5D4B+1334603]
	Ordinal0 [0x010A22B4+1188532]
	Ordinal0 [0x010A3149+1192265]
	GetHandleVerifier [0x0135FB8C+1512252]
	GetHandleVerifier [0x0140B0DF+2214031]
	GetHandleVerifier [0x01264BC3+484211]
	GetHandleVerifier [0x01263E69+480793]
	Ordinal0 [0x0118218D+2105741]
	Ordinal0 [0x011866E8+2123496]
	Ordinal0 [0x01186827+2123815]
	Ordinal0 [0x0118FB73+2161523]
	BaseThreadInitThunk [0x74778674+36]
	RtlGetAppContainerNamedObjectPath [0x77BF5E17+311]
	RtlGetAppContainerNamedObjectPath [0x77BF5DE7+263]
">
      <![CDATA[org.openqa.selenium.SessionNotCreatedException: session not created: This version of ChromeDriver only supports Chrome version 91
Current browser version is 93.0.4577.63 with binary path C:\Program Files (x86)\Google\Chrome\Application\chrome.exe
Build info: version: '3.141.59', revision: 'e82be7d358', time: '2018-11-14T08:17:03'
System info: host: 'NIN006414', ip: '192.168.56.1', os.name: 'Windows 10', os.arch: 'amd64', os.version: '10.0', java.version: '14.0.1'
Driver info: driver.version: ChromeDriver
remote stacktrace: Backtrace:
Ordinal0 [0x011E3733+2504499]
Ordinal0 [0x0117C401+2081793]
Ordinal0 [0x01082628+1058344]
Ordinal0 [0x010A071A+1181466]
Ordinal0 [0x0109C58C+1164684]
Ordinal0 [0x01099DC3+1154499]
Ordinal0 [0x010C9B82+1350530]
Ordinal0 [0x010C97DA+1349594]
Ordinal0 [0x010C5D4B+1334603]
Ordinal0 [0x010A22B4+1188532]
Ordinal0 [0x010A3149+1192265]
GetHandleVerifier [0x0135FB8C+1512252]
GetHandleVerifier [0x0140B0DF+2214031]
GetHandleVerifier [0x01264BC3+484211]
GetHandleVerifier [0x01263E69+480793]
Ordinal0 [0x0118218D+2105741]
Ordinal0 [0x011866E8+2123496]
Ordinal0 [0x01186827+2123815]
Ordinal0 [0x0118FB73+2161523]
BaseThreadInitThunk [0x74778674+36]
RtlGetAppContainerNamedObjectPath [0x77BF5E17+311]
RtlGetAppContainerNamedObjectPath [0x77BF5DE7+263]

at org.openqa.selenium.remote.W3CHandshakeResponse.lambda$errorHandler$0(W3CHandshakeResponse.java:62)
at org.openqa.selenium.remote.HandshakeResponse.lambda$getResponseFunction$0(HandshakeResponse.java:30)
at org.openqa.selenium.remote.ProtocolHandshake.lambda$createSession$0(ProtocolHandshake.java:126)
at java.base/java.util.stream.ReferencePipeline$3$1.accept(ReferencePipeline.java:195)
at java.base/java.util.Spliterators$ArraySpliterator.tryAdvance(Spliterators.java:958)
at java.base/java.util.stream.ReferencePipeline.forEachWithCancel(ReferencePipeline.java:127)
at java.base/java.util.stream.AbstractPipeline.copyIntoWithCancel(AbstractPipeline.java:502)
at java.base/java.util.stream.AbstractPipeline.copyInto(AbstractPipeline.java:488)
at java.base/java.util.stream.AbstractPipeline.wrapAndCopyInto(AbstractPipeline.java:474)
at java.base/java.util.stream.FindOps$FindOp.evaluateSequential(FindOps.java:150)
at java.base/java.util.stream.AbstractPipeline.evaluate(AbstractPipeline.java:234)
at java.base/java.util.stream.ReferencePipeline.findFirst(ReferencePipeline.java:543)
at org.openqa.selenium.remote.ProtocolHandshake.createSession(ProtocolHandshake.java:128)
at org.openqa.selenium.remote.ProtocolHandshake.createSession(ProtocolHandshake.java:74)
at org.openqa.selenium.remote.HttpCommandExecutor.execute(HttpCommandExecutor.java:136)
at org.openqa.selenium.remote.service.DriverCommandExecutor.execute(DriverCommandExecutor.java:83)
at org.openqa.selenium.remote.RemoteWebDriver.execute(RemoteWebDriver.java:552)
at org.openqa.selenium.remote.RemoteWebDriver.startSession(RemoteWebDriver.java:213)
at org.openqa.selenium.remote.RemoteWebDriver.<init>(RemoteWebDriver.java:131)
at org.openqa.selenium.chrome.ChromeDriver.<init>(ChromeDriver.java:181)
at org.openqa.selenium.chrome.ChromeDriver.<init>(ChromeDriver.java:168)
at org.openqa.selenium.chrome.ChromeDriver.<init>(ChromeDriver.java:157)
at resources.open.openbrowser(open.java:43)
at projectname.base.testcases.open(testcases.java:23)
at java.base/java.util.concurrent.FutureTask.run(FutureTask.java:264)
at java.base/java.util.concurrent.ThreadPoolExecutor.runWorker(ThreadPoolExecutor.java:1130)
at java.base/java.util.concurrent.ThreadPoolExecutor$Worker.run(ThreadPoolExecutor.java:630)
at java.base/java.lang.Thread.run(Thread.java:832)
... Removed 20 stack frames]]>
    </failure>
  </testcase> <!-- @BeforeTest open -->
  <testcase classname="projectname.base.testcase3" name="@BeforeTest open" time="2.813">
    <failure type="org.openqa.selenium.SessionNotCreatedException" message="session not created: This version of ChromeDriver only supports Chrome version 91
Current browser version is 93.0.4577.63 with binary path C:\Program Files (x86)\Google\Chrome\Application\chrome.exe
Build info: version: &amp;apos;3.141.59&amp;apos;, revision: &amp;apos;e82be7d358&amp;apos;, time: &amp;apos;2018-11-14T08:17:03&amp;apos;
System info: host: &amp;apos;NIN006414&amp;apos;, ip: &amp;apos;192.168.56.1&amp;apos;, os.name: &amp;apos;Windows 10&amp;apos;, os.arch: &amp;apos;amd64&amp;apos;, os.version: &amp;apos;10.0&amp;apos;, java.version: &amp;apos;14.0.1&amp;apos;
Driver info: driver.version: ChromeDriver
remote stacktrace: Backtrace:
	Ordinal0 [0x011E3733+2504499]
	Ordinal0 [0x0117C401+2081793]
	Ordinal0 [0x01082628+1058344]
	Ordinal0 [0x010A071A+1181466]
	Ordinal0 [0x0109C58C+1164684]
	Ordinal0 [0x01099DC3+1154499]
	Ordinal0 [0x010C9B82+1350530]
	Ordinal0 [0x010C97DA+1349594]
	Ordinal0 [0x010C5D4B+1334603]
	Ordinal0 [0x010A22B4+1188532]
	Ordinal0 [0x010A3149+1192265]
	GetHandleVerifier [0x0135FB8C+1512252]
	GetHandleVerifier [0x0140B0DF+2214031]
	GetHandleVerifier [0x01264BC3+484211]
	GetHandleVerifier [0x01263E69+480793]
	Ordinal0 [0x0118218D+2105741]
	Ordinal0 [0x011866E8+2123496]
	Ordinal0 [0x01186827+2123815]
	Ordinal0 [0x0118FB73+2161523]
	BaseThreadInitThunk [0x74778674+36]
	RtlGetAppContainerNamedObjectPath [0x77BF5E17+311]
	RtlGetAppContainerNamedObjectPath [0x77BF5DE7+263]
">
      <![CDATA[org.openqa.selenium.SessionNotCreatedException: session not created: This version of ChromeDriver only supports Chrome version 91
Current browser version is 93.0.4577.63 with binary path C:\Program Files (x86)\Google\Chrome\Application\chrome.exe
Build info: version: '3.141.59', revision: 'e82be7d358', time: '2018-11-14T08:17:03'
System info: host: 'NIN006414', ip: '192.168.56.1', os.name: 'Windows 10', os.arch: 'amd64', os.version: '10.0', java.version: '14.0.1'
Driver info: driver.version: ChromeDriver
remote stacktrace: Backtrace:
Ordinal0 [0x011E3733+2504499]
Ordinal0 [0x0117C401+2081793]
Ordinal0 [0x01082628+1058344]
Ordinal0 [0x010A071A+1181466]
Ordinal0 [0x0109C58C+1164684]
Ordinal0 [0x01099DC3+1154499]
Ordinal0 [0x010C9B82+1350530]
Ordinal0 [0x010C97DA+1349594]
Ordinal0 [0x010C5D4B+1334603]
Ordinal0 [0x010A22B4+1188532]
Ordinal0 [0x010A3149+1192265]
GetHandleVerifier [0x0135FB8C+1512252]
GetHandleVerifier [0x0140B0DF+2214031]
GetHandleVerifier [0x01264BC3+484211]
GetHandleVerifier [0x01263E69+480793]
Ordinal0 [0x0118218D+2105741]
Ordinal0 [0x011866E8+2123496]
Ordinal0 [0x01186827+2123815]
Ordinal0 [0x0118FB73+2161523]
BaseThreadInitThunk [0x74778674+36]
RtlGetAppContainerNamedObjectPath [0x77BF5E17+311]
RtlGetAppContainerNamedObjectPath [0x77BF5DE7+263]

at org.openqa.selenium.remote.W3CHandshakeResponse.lambda$errorHandler$0(W3CHandshakeResponse.java:62)
at org.openqa.selenium.remote.HandshakeResponse.lambda$getResponseFunction$0(HandshakeResponse.java:30)
at org.openqa.selenium.remote.ProtocolHandshake.lambda$createSession$0(ProtocolHandshake.java:126)
at java.base/java.util.stream.ReferencePipeline$3$1.accept(ReferencePipeline.java:195)
at java.base/java.util.Spliterators$ArraySpliterator.tryAdvance(Spliterators.java:958)
at java.base/java.util.stream.ReferencePipeline.forEachWithCancel(ReferencePipeline.java:127)
at java.base/java.util.stream.AbstractPipeline.copyIntoWithCancel(AbstractPipeline.java:502)
at java.base/java.util.stream.AbstractPipeline.copyInto(AbstractPipeline.java:488)
at java.base/java.util.stream.AbstractPipeline.wrapAndCopyInto(AbstractPipeline.java:474)
at java.base/java.util.stream.FindOps$FindOp.evaluateSequential(FindOps.java:150)
at java.base/java.util.stream.AbstractPipeline.evaluate(AbstractPipeline.java:234)
at java.base/java.util.stream.ReferencePipeline.findFirst(ReferencePipeline.java:543)
at org.openqa.selenium.remote.ProtocolHandshake.createSession(ProtocolHandshake.java:128)
at org.openqa.selenium.remote.ProtocolHandshake.createSession(ProtocolHandshake.java:74)
at org.openqa.selenium.remote.HttpCommandExecutor.execute(HttpCommandExecutor.java:136)
at org.openqa.selenium.remote.service.DriverCommandExecutor.execute(DriverCommandExecutor.java:83)
at org.openqa.selenium.remote.RemoteWebDriver.execute(RemoteWebDriver.java:552)
at org.openqa.selenium.remote.RemoteWebDriver.startSession(RemoteWebDriver.java:213)
at org.openqa.selenium.remote.RemoteWebDriver.<init>(RemoteWebDriver.java:131)
at org.openqa.selenium.chrome.ChromeDriver.<init>(ChromeDriver.java:181)
at org.openqa.selenium.chrome.ChromeDriver.<init>(ChromeDriver.java:168)
at org.openqa.selenium.chrome.ChromeDriver.<init>(ChromeDriver.java:157)
at resources.open.openbrowser(open.java:43)
at projectname.base.testcase3.open(testcase3.java:27)
at java.base/java.util.concurrent.FutureTask.run(FutureTask.java:264)
at java.base/java.util.concurrent.ThreadPoolExecutor.runWorker(ThreadPoolExecutor.java:1130)
at java.base/java.util.concurrent.ThreadPoolExecutor$Worker.run(ThreadPoolExecutor.java:630)
at java.base/java.lang.Thread.run(Thread.java:832)
... Removed 20 stack frames]]>
    </failure>
  </testcase> <!-- @BeforeTest open -->
  <testcase classname="projectname.base.testcase3" name="@AfterTest close" time="-1.630773102202E9">
    <skipped/>
  </testcase> <!-- @AfterTest close -->
  <testcase classname="projectname.base.testcases" name="@AfterTest close" time="-1.630773102202E9">
    <skipped/>
  </testcase> <!-- @AfterTest close -->
  <testcase classname="projectname.base.testcases" name="test" time="0.0">
    <skipped/>
  </testcase> <!-- test -->
</testsuite> <!-- Test -->
