<?xml version="1.0" encoding="UTF-8"?>
<testng-results ignored="0" total="2" passed="0" failed="0" skipped="2">
  <reporter-output>
  </reporter-output>
  <suite started-at="2021-09-04T22:01:39 IST" name="Suite" finished-at="2021-09-04T22:01:42 IST" duration-ms="2838">
    <groups>
    </groups>
    <test started-at="2021-09-04T22:01:39 IST" name="Test" finished-at="2021-09-04T22:01:42 IST" duration-ms="2838">
      <class name="projectname.base.testcases">
        <test-method is-config="true" signature="open()[pri:0, instance:projectname.base.testcases@2fc0cc3]" started-at="2021-09-04T22:01:39 IST" name="open" finished-at="2021-09-04T22:01:42 IST" duration-ms="2760" status="FAIL">
          <exception class="org.openqa.selenium.SessionNotCreatedException">
            <message>
              <![CDATA[session not created: This version of ChromeDriver only supports Chrome version 91
Current browser version is 93.0.4577.63 with binary path C:\Program Files (x86)\Google\Chrome\Application\chrome.exe
Build info: version: '3.141.59', revision: 'e82be7d358', time: '2018-11-14T08:17:03'
System info: host: 'NIN006414', ip: '192.168.56.1', os.name: 'Windows 10', os.arch: 'amd64', os.version: '10.0', java.version: '14.0.1'
Driver info: driver.version: ChromeDriver
remote stacktrace: Backtrace:
Ordinal0 [0x011E3733+2504499]
Ordinal0 [0x0117C401+2081793]
Ordinal0 [0x01082628+1058344]
Ordinal0 [0x010A071A+1181466]
Ordinal0 [0x0109C58C+1164684]
Ordinal0 [0x01099DC3+1154499]
Ordinal0 [0x010C9B82+1350530]
Ordinal0 [0x010C97DA+1349594]
Ordinal0 [0x010C5D4B+1334603]
Ordinal0 [0x010A22B4+1188532]
Ordinal0 [0x010A3149+1192265]
GetHandleVerifier [0x0135FB8C+1512252]
GetHandleVerifier [0x0140B0DF+2214031]
GetHandleVerifier [0x01264BC3+484211]
GetHandleVerifier [0x01263E69+480793]
Ordinal0 [0x0118218D+2105741]
Ordinal0 [0x011866E8+2123496]
Ordinal0 [0x01186827+2123815]
Ordinal0 [0x0118FB73+2161523]
BaseThreadInitThunk [0x74778674+36]
RtlGetAppContainerNamedObjectPath [0x77BF5E17+311]
RtlGetAppContainerNamedObjectPath [0x77BF5DE7+263]
]]>
            </message>
            <full-stacktrace>
              <![CDATA[org.openqa.selenium.SessionNotCreatedException: session not created: This version of ChromeDriver only supports Chrome version 91
Current browser version is 93.0.4577.63 with binary path C:\Program Files (x86)\Google\Chrome\Application\chrome.exe
Build info: version: '3.141.59', revision: 'e82be7d358', time: '2018-11-14T08:17:03'
System info: host: 'NIN006414', ip: '192.168.56.1', os.name: 'Windows 10', os.arch: 'amd64', os.version: '10.0', java.version: '14.0.1'
Driver info: driver.version: ChromeDriver
remote stacktrace: Backtrace:
Ordinal0 [0x011E3733+2504499]
Ordinal0 [0x0117C401+2081793]
Ordinal0 [0x01082628+1058344]
Ordinal0 [0x010A071A+1181466]
Ordinal0 [0x0109C58C+1164684]
Ordinal0 [0x01099DC3+1154499]
Ordinal0 [0x010C9B82+1350530]
Ordinal0 [0x010C97DA+1349594]
Ordinal0 [0x010C5D4B+1334603]
Ordinal0 [0x010A22B4+1188532]
Ordinal0 [0x010A3149+1192265]
GetHandleVerifier [0x0135FB8C+1512252]
GetHandleVerifier [0x0140B0DF+2214031]
GetHandleVerifier [0x01264BC3+484211]
GetHandleVerifier [0x01263E69+480793]
Ordinal0 [0x0118218D+2105741]
Ordinal0 [0x011866E8+2123496]
Ordinal0 [0x01186827+2123815]
Ordinal0 [0x0118FB73+2161523]
BaseThreadInitThunk [0x74778674+36]
RtlGetAppContainerNamedObjectPath [0x77BF5E17+311]
RtlGetAppContainerNamedObjectPath [0x77BF5DE7+263]

at java.base/jdk.internal.reflect.NativeConstructorAccessorImpl.newInstance0(Native Method)
at java.base/jdk.internal.reflect.NativeConstructorAccessorImpl.newInstance(NativeConstructorAccessorImpl.java:62)
at java.base/jdk.internal.reflect.DelegatingConstructorAccessorImpl.newInstance(DelegatingConstructorAccessorImpl.java:45)
at java.base/java.lang.reflect.Constructor.newInstanceWithCaller(Constructor.java:500)
at java.base/java.lang.reflect.Constructor.newInstance(Constructor.java:481)
at org.openqa.selenium.remote.W3CHandshakeResponse.lambda$errorHandler$0(W3CHandshakeResponse.java:62)
at org.openqa.selenium.remote.HandshakeResponse.lambda$getResponseFunction$0(HandshakeResponse.java:30)
at org.openqa.selenium.remote.ProtocolHandshake.lambda$createSession$0(ProtocolHandshake.java:126)
at java.base/java.util.stream.ReferencePipeline$3$1.accept(ReferencePipeline.java:195)
at java.base/java.util.Spliterators$ArraySpliterator.tryAdvance(Spliterators.java:958)
at java.base/java.util.stream.ReferencePipeline.forEachWithCancel(ReferencePipeline.java:127)
at java.base/java.util.stream.AbstractPipeline.copyIntoWithCancel(AbstractPipeline.java:502)
at java.base/java.util.stream.AbstractPipeline.copyInto(AbstractPipeline.java:488)
at java.base/java.util.stream.AbstractPipeline.wrapAndCopyInto(AbstractPipeline.java:474)
at java.base/java.util.stream.FindOps$FindOp.evaluateSequential(FindOps.java:150)
at java.base/java.util.stream.AbstractPipeline.evaluate(AbstractPipeline.java:234)
at java.base/java.util.stream.ReferencePipeline.findFirst(ReferencePipeline.java:543)
at org.openqa.selenium.remote.ProtocolHandshake.createSession(ProtocolHandshake.java:128)
at org.openqa.selenium.remote.ProtocolHandshake.createSession(ProtocolHandshake.java:74)
at org.openqa.selenium.remote.HttpCommandExecutor.execute(HttpCommandExecutor.java:136)
at org.openqa.selenium.remote.service.DriverCommandExecutor.execute(DriverCommandExecutor.java:83)
at org.openqa.selenium.remote.RemoteWebDriver.execute(RemoteWebDriver.java:552)
at org.openqa.selenium.remote.RemoteWebDriver.startSession(RemoteWebDriver.java:213)
at org.openqa.selenium.remote.RemoteWebDriver.<init>(RemoteWebDriver.java:131)
at org.openqa.selenium.chrome.ChromeDriver.<init>(ChromeDriver.java:181)
at org.openqa.selenium.chrome.ChromeDriver.<init>(ChromeDriver.java:168)
at org.openqa.selenium.chrome.ChromeDriver.<init>(ChromeDriver.java:157)
at resources.open.openbrowser(open.java:43)
at projectname.base.testcases.open(testcases.java:23)
at java.base/jdk.internal.reflect.NativeMethodAccessorImpl.invoke0(Native Method)
at java.base/jdk.internal.reflect.NativeMethodAccessorImpl.invoke(NativeMethodAccessorImpl.java:62)
at java.base/jdk.internal.reflect.DelegatingMethodAccessorImpl.invoke(DelegatingMethodAccessorImpl.java:43)
at java.base/java.lang.reflect.Method.invoke(Method.java:564)
at org.testng.internal.MethodInvocationHelper.invokeMethod(MethodInvocationHelper.java:133)
at org.testng.internal.MethodInvocationHelper.invokeMethodConsideringTimeout(MethodInvocationHelper.java:62)
at org.testng.internal.ConfigInvoker.invokeConfigurationMethod(ConfigInvoker.java:385)
at org.testng.internal.ConfigInvoker.invokeConfigurations(ConfigInvoker.java:321)
at org.testng.TestRunner.invokeTestConfigurations(TestRunner.java:637)
at org.testng.TestRunner.beforeRun(TestRunner.java:627)
at org.testng.TestRunner.run(TestRunner.java:589)
at org.testng.SuiteRunner.runTest(SuiteRunner.java:377)
at org.testng.SuiteRunner.access$000(SuiteRunner.java:28)
at org.testng.SuiteRunner$SuiteWorker.run(SuiteRunner.java:418)
at org.testng.internal.thread.ThreadUtil.lambda$execute$0(ThreadUtil.java:64)
at java.base/java.util.concurrent.FutureTask.run(FutureTask.java:264)
at java.base/java.util.concurrent.ThreadPoolExecutor.runWorker(ThreadPoolExecutor.java:1130)
at java.base/java.util.concurrent.ThreadPoolExecutor$Worker.run(ThreadPoolExecutor.java:630)
at java.base/java.lang.Thread.run(Thread.java:832)
]]>
            </full-stacktrace>
          </exception> <!-- org.openqa.selenium.SessionNotCreatedException -->
          <reporter-output>
          </reporter-output>
        </test-method> <!-- open -->
        <test-method signature="test()[pri:0, instance:projectname.base.testcases@2fc0cc3]" started-at="2021-09-04T22:01:42 IST" name="test" finished-at="2021-09-04T22:01:42 IST" duration-ms="0" status="SKIP">
          <exception class="org.openqa.selenium.SessionNotCreatedException">
            <message>
              <![CDATA[session not created: This version of ChromeDriver only supports Chrome version 91
Current browser version is 93.0.4577.63 with binary path C:\Program Files (x86)\Google\Chrome\Application\chrome.exe
Build info: version: '3.141.59', revision: 'e82be7d358', time: '2018-11-14T08:17:03'
System info: host: 'NIN006414', ip: '192.168.56.1', os.name: 'Windows 10', os.arch: 'amd64', os.version: '10.0', java.version: '14.0.1'
Driver info: driver.version: ChromeDriver
remote stacktrace: Backtrace:
Ordinal0 [0x011E3733+2504499]
Ordinal0 [0x0117C401+2081793]
Ordinal0 [0x01082628+1058344]
Ordinal0 [0x010A071A+1181466]
Ordinal0 [0x0109C58C+1164684]
Ordinal0 [0x01099DC3+1154499]
Ordinal0 [0x010C9B82+1350530]
Ordinal0 [0x010C97DA+1349594]
Ordinal0 [0x010C5D4B+1334603]
Ordinal0 [0x010A22B4+1188532]
Ordinal0 [0x010A3149+1192265]
GetHandleVerifier [0x0135FB8C+1512252]
GetHandleVerifier [0x0140B0DF+2214031]
GetHandleVerifier [0x01264BC3+484211]
GetHandleVerifier [0x01263E69+480793]
Ordinal0 [0x0118218D+2105741]
Ordinal0 [0x011866E8+2123496]
Ordinal0 [0x01186827+2123815]
Ordinal0 [0x0118FB73+2161523]
BaseThreadInitThunk [0x74778674+36]
RtlGetAppContainerNamedObjectPath [0x77BF5E17+311]
RtlGetAppContainerNamedObjectPath [0x77BF5DE7+263]
]]>
            </message>
            <full-stacktrace>
              <![CDATA[org.openqa.selenium.SessionNotCreatedException: session not created: This version of ChromeDriver only supports Chrome version 91
Current browser version is 93.0.4577.63 with binary path C:\Program Files (x86)\Google\Chrome\Application\chrome.exe
Build info: version: '3.141.59', revision: 'e82be7d358', time: '2018-11-14T08:17:03'
System info: host: 'NIN006414', ip: '192.168.56.1', os.name: 'Windows 10', os.arch: 'amd64', os.version: '10.0', java.version: '14.0.1'
Driver info: driver.version: ChromeDriver
remote stacktrace: Backtrace:
Ordinal0 [0x011E3733+2504499]
Ordinal0 [0x0117C401+2081793]
Ordinal0 [0x01082628+1058344]
Ordinal0 [0x010A071A+1181466]
Ordinal0 [0x0109C58C+1164684]
Ordinal0 [0x01099DC3+1154499]
Ordinal0 [0x010C9B82+1350530]
Ordinal0 [0x010C97DA+1349594]
Ordinal0 [0x010C5D4B+1334603]
Ordinal0 [0x010A22B4+1188532]
Ordinal0 [0x010A3149+1192265]
GetHandleVerifier [0x0135FB8C+1512252]
GetHandleVerifier [0x0140B0DF+2214031]
GetHandleVerifier [0x01264BC3+484211]
GetHandleVerifier [0x01263E69+480793]
Ordinal0 [0x0118218D+2105741]
Ordinal0 [0x011866E8+2123496]
Ordinal0 [0x01186827+2123815]
Ordinal0 [0x0118FB73+2161523]
BaseThreadInitThunk [0x74778674+36]
RtlGetAppContainerNamedObjectPath [0x77BF5E17+311]
RtlGetAppContainerNamedObjectPath [0x77BF5DE7+263]

at java.base/jdk.internal.reflect.NativeConstructorAccessorImpl.newInstance0(Native Method)
at java.base/jdk.internal.reflect.NativeConstructorAccessorImpl.newInstance(NativeConstructorAccessorImpl.java:62)
at java.base/jdk.internal.reflect.DelegatingConstructorAccessorImpl.newInstance(DelegatingConstructorAccessorImpl.java:45)
at java.base/java.lang.reflect.Constructor.newInstanceWithCaller(Constructor.java:500)
at java.base/java.lang.reflect.Constructor.newInstance(Constructor.java:481)
at org.openqa.selenium.remote.W3CHandshakeResponse.lambda$errorHandler$0(W3CHandshakeResponse.java:62)
at org.openqa.selenium.remote.HandshakeResponse.lambda$getResponseFunction$0(HandshakeResponse.java:30)
at org.openqa.selenium.remote.ProtocolHandshake.lambda$createSession$0(ProtocolHandshake.java:126)
at java.base/java.util.stream.ReferencePipeline$3$1.accept(ReferencePipeline.java:195)
at java.base/java.util.Spliterators$ArraySpliterator.tryAdvance(Spliterators.java:958)
at java.base/java.util.stream.ReferencePipeline.forEachWithCancel(ReferencePipeline.java:127)
at java.base/java.util.stream.AbstractPipeline.copyIntoWithCancel(AbstractPipeline.java:502)
at java.base/java.util.stream.AbstractPipeline.copyInto(AbstractPipeline.java:488)
at java.base/java.util.stream.AbstractPipeline.wrapAndCopyInto(AbstractPipeline.java:474)
at java.base/java.util.stream.FindOps$FindOp.evaluateSequential(FindOps.java:150)
at java.base/java.util.stream.AbstractPipeline.evaluate(AbstractPipeline.java:234)
at java.base/java.util.stream.ReferencePipeline.findFirst(ReferencePipeline.java:543)
at org.openqa.selenium.remote.ProtocolHandshake.createSession(ProtocolHandshake.java:128)
at org.openqa.selenium.remote.ProtocolHandshake.createSession(ProtocolHandshake.java:74)
at org.openqa.selenium.remote.HttpCommandExecutor.execute(HttpCommandExecutor.java:136)
at org.openqa.selenium.remote.service.DriverCommandExecutor.execute(DriverCommandExecutor.java:83)
at org.openqa.selenium.remote.RemoteWebDriver.execute(RemoteWebDriver.java:552)
at org.openqa.selenium.remote.RemoteWebDriver.startSession(RemoteWebDriver.java:213)
at org.openqa.selenium.remote.RemoteWebDriver.<init>(RemoteWebDriver.java:131)
at org.openqa.selenium.chrome.ChromeDriver.<init>(ChromeDriver.java:181)
at org.openqa.selenium.chrome.ChromeDriver.<init>(ChromeDriver.java:168)
at org.openqa.selenium.chrome.ChromeDriver.<init>(ChromeDriver.java:157)
at resources.open.openbrowser(open.java:43)
at projectname.base.testcases.open(testcases.java:23)
at java.base/jdk.internal.reflect.NativeMethodAccessorImpl.invoke0(Native Method)
at java.base/jdk.internal.reflect.NativeMethodAccessorImpl.invoke(NativeMethodAccessorImpl.java:62)
at java.base/jdk.internal.reflect.DelegatingMethodAccessorImpl.invoke(DelegatingMethodAccessorImpl.java:43)
at java.base/java.lang.reflect.Method.invoke(Method.java:564)
at org.testng.internal.MethodInvocationHelper.invokeMethod(MethodInvocationHelper.java:133)
at org.testng.internal.MethodInvocationHelper.invokeMethodConsideringTimeout(MethodInvocationHelper.java:62)
at org.testng.internal.ConfigInvoker.invokeConfigurationMethod(ConfigInvoker.java:385)
at org.testng.internal.ConfigInvoker.invokeConfigurations(ConfigInvoker.java:321)
at org.testng.TestRunner.invokeTestConfigurations(TestRunner.java:637)
at org.testng.TestRunner.beforeRun(TestRunner.java:627)
at org.testng.TestRunner.run(TestRunner.java:589)
at org.testng.SuiteRunner.runTest(SuiteRunner.java:377)
at org.testng.SuiteRunner.access$000(SuiteRunner.java:28)
at org.testng.SuiteRunner$SuiteWorker.run(SuiteRunner.java:418)
at org.testng.internal.thread.ThreadUtil.lambda$execute$0(ThreadUtil.java:64)
at java.base/java.util.concurrent.FutureTask.run(FutureTask.java:264)
at java.base/java.util.concurrent.ThreadPoolExecutor.runWorker(ThreadPoolExecutor.java:1130)
at java.base/java.util.concurrent.ThreadPoolExecutor$Worker.run(ThreadPoolExecutor.java:630)
at java.base/java.lang.Thread.run(Thread.java:832)
]]>
            </full-stacktrace>
          </exception> <!-- org.openqa.selenium.SessionNotCreatedException -->
          <reporter-output>
          </reporter-output>
        </test-method> <!-- test -->
        <test-method is-config="true" signature="close()[pri:0, instance:projectname.base.testcases@2fc0cc3]" started-at="2021-09-04T22:01:42 IST" name="close" finished-at="1970-01-01T05:30:00 IST" duration-ms="-1630773102202" status="SKIP">
          <reporter-output>
          </reporter-output>
        </test-method> <!-- close -->
      </class> <!-- projectname.base.testcases -->
    </test> <!-- Test -->
    <test started-at="2021-09-04T22:01:39 IST" name="Test1" finished-at="2021-09-04T22:01:42 IST" duration-ms="2838">
      <class name="projectname.base.testcase3">
        <test-method is-config="true" signature="open()[pri:0, instance:projectname.base.testcase3@3b77a04f]" started-at="2021-09-04T22:01:39 IST" name="open" finished-at="2021-09-04T22:01:42 IST" duration-ms="2813" status="FAIL">
          <exception class="org.openqa.selenium.SessionNotCreatedException">
            <message>
              <![CDATA[session not created: This version of ChromeDriver only supports Chrome version 91
Current browser version is 93.0.4577.63 with binary path C:\Program Files (x86)\Google\Chrome\Application\chrome.exe
Build info: version: '3.141.59', revision: 'e82be7d358', time: '2018-11-14T08:17:03'
System info: host: 'NIN006414', ip: '192.168.56.1', os.name: 'Windows 10', os.arch: 'amd64', os.version: '10.0', java.version: '14.0.1'
Driver info: driver.version: ChromeDriver
remote stacktrace: Backtrace:
Ordinal0 [0x011E3733+2504499]
Ordinal0 [0x0117C401+2081793]
Ordinal0 [0x01082628+1058344]
Ordinal0 [0x010A071A+1181466]
Ordinal0 [0x0109C58C+1164684]
Ordinal0 [0x01099DC3+1154499]
Ordinal0 [0x010C9B82+1350530]
Ordinal0 [0x010C97DA+1349594]
Ordinal0 [0x010C5D4B+1334603]
Ordinal0 [0x010A22B4+1188532]
Ordinal0 [0x010A3149+1192265]
GetHandleVerifier [0x0135FB8C+1512252]
GetHandleVerifier [0x0140B0DF+2214031]
GetHandleVerifier [0x01264BC3+484211]
GetHandleVerifier [0x01263E69+480793]
Ordinal0 [0x0118218D+2105741]
Ordinal0 [0x011866E8+2123496]
Ordinal0 [0x01186827+2123815]
Ordinal0 [0x0118FB73+2161523]
BaseThreadInitThunk [0x74778674+36]
RtlGetAppContainerNamedObjectPath [0x77BF5E17+311]
RtlGetAppContainerNamedObjectPath [0x77BF5DE7+263]
]]>
            </message>
            <full-stacktrace>
              <![CDATA[org.openqa.selenium.SessionNotCreatedException: session not created: This version of ChromeDriver only supports Chrome version 91
Current browser version is 93.0.4577.63 with binary path C:\Program Files (x86)\Google\Chrome\Application\chrome.exe
Build info: version: '3.141.59', revision: 'e82be7d358', time: '2018-11-14T08:17:03'
System info: host: 'NIN006414', ip: '192.168.56.1', os.name: 'Windows 10', os.arch: 'amd64', os.version: '10.0', java.version: '14.0.1'
Driver info: driver.version: ChromeDriver
remote stacktrace: Backtrace:
Ordinal0 [0x011E3733+2504499]
Ordinal0 [0x0117C401+2081793]
Ordinal0 [0x01082628+1058344]
Ordinal0 [0x010A071A+1181466]
Ordinal0 [0x0109C58C+1164684]
Ordinal0 [0x01099DC3+1154499]
Ordinal0 [0x010C9B82+1350530]
Ordinal0 [0x010C97DA+1349594]
Ordinal0 [0x010C5D4B+1334603]
Ordinal0 [0x010A22B4+1188532]
Ordinal0 [0x010A3149+1192265]
GetHandleVerifier [0x0135FB8C+1512252]
GetHandleVerifier [0x0140B0DF+2214031]
GetHandleVerifier [0x01264BC3+484211]
GetHandleVerifier [0x01263E69+480793]
Ordinal0 [0x0118218D+2105741]
Ordinal0 [0x011866E8+2123496]
Ordinal0 [0x01186827+2123815]
Ordinal0 [0x0118FB73+2161523]
BaseThreadInitThunk [0x74778674+36]
RtlGetAppContainerNamedObjectPath [0x77BF5E17+311]
RtlGetAppContainerNamedObjectPath [0x77BF5DE7+263]

at java.base/jdk.internal.reflect.NativeConstructorAccessorImpl.newInstance0(Native Method)
at java.base/jdk.internal.reflect.NativeConstructorAccessorImpl.newInstance(NativeConstructorAccessorImpl.java:62)
at java.base/jdk.internal.reflect.DelegatingConstructorAccessorImpl.newInstance(DelegatingConstructorAccessorImpl.java:45)
at java.base/java.lang.reflect.Constructor.newInstanceWithCaller(Constructor.java:500)
at java.base/java.lang.reflect.Constructor.newInstance(Constructor.java:481)
at org.openqa.selenium.remote.W3CHandshakeResponse.lambda$errorHandler$0(W3CHandshakeResponse.java:62)
at org.openqa.selenium.remote.HandshakeResponse.lambda$getResponseFunction$0(HandshakeResponse.java:30)
at org.openqa.selenium.remote.ProtocolHandshake.lambda$createSession$0(ProtocolHandshake.java:126)
at java.base/java.util.stream.ReferencePipeline$3$1.accept(ReferencePipeline.java:195)
at java.base/java.util.Spliterators$ArraySpliterator.tryAdvance(Spliterators.java:958)
at java.base/java.util.stream.ReferencePipeline.forEachWithCancel(ReferencePipeline.java:127)
at java.base/java.util.stream.AbstractPipeline.copyIntoWithCancel(AbstractPipeline.java:502)
at java.base/java.util.stream.AbstractPipeline.copyInto(AbstractPipeline.java:488)
at java.base/java.util.stream.AbstractPipeline.wrapAndCopyInto(AbstractPipeline.java:474)
at java.base/java.util.stream.FindOps$FindOp.evaluateSequential(FindOps.java:150)
at java.base/java.util.stream.AbstractPipeline.evaluate(AbstractPipeline.java:234)
at java.base/java.util.stream.ReferencePipeline.findFirst(ReferencePipeline.java:543)
at org.openqa.selenium.remote.ProtocolHandshake.createSession(ProtocolHandshake.java:128)
at org.openqa.selenium.remote.ProtocolHandshake.createSession(ProtocolHandshake.java:74)
at org.openqa.selenium.remote.HttpCommandExecutor.execute(HttpCommandExecutor.java:136)
at org.openqa.selenium.remote.service.DriverCommandExecutor.execute(DriverCommandExecutor.java:83)
at org.openqa.selenium.remote.RemoteWebDriver.execute(RemoteWebDriver.java:552)
at org.openqa.selenium.remote.RemoteWebDriver.startSession(RemoteWebDriver.java:213)
at org.openqa.selenium.remote.RemoteWebDriver.<init>(RemoteWebDriver.java:131)
at org.openqa.selenium.chrome.ChromeDriver.<init>(ChromeDriver.java:181)
at org.openqa.selenium.chrome.ChromeDriver.<init>(ChromeDriver.java:168)
at org.openqa.selenium.chrome.ChromeDriver.<init>(ChromeDriver.java:157)
at resources.open.openbrowser(open.java:43)
at projectname.base.testcase3.open(testcase3.java:27)
at java.base/jdk.internal.reflect.NativeMethodAccessorImpl.invoke0(Native Method)
at java.base/jdk.internal.reflect.NativeMethodAccessorImpl.invoke(NativeMethodAccessorImpl.java:62)
at java.base/jdk.internal.reflect.DelegatingMethodAccessorImpl.invoke(DelegatingMethodAccessorImpl.java:43)
at java.base/java.lang.reflect.Method.invoke(Method.java:564)
at org.testng.internal.MethodInvocationHelper.invokeMethod(MethodInvocationHelper.java:133)
at org.testng.internal.MethodInvocationHelper.invokeMethodConsideringTimeout(MethodInvocationHelper.java:62)
at org.testng.internal.ConfigInvoker.invokeConfigurationMethod(ConfigInvoker.java:385)
at org.testng.internal.ConfigInvoker.invokeConfigurations(ConfigInvoker.java:321)
at org.testng.TestRunner.invokeTestConfigurations(TestRunner.java:637)
at org.testng.TestRunner.beforeRun(TestRunner.java:627)
at org.testng.TestRunner.run(TestRunner.java:589)
at org.testng.SuiteRunner.runTest(SuiteRunner.java:377)
at org.testng.SuiteRunner.access$000(SuiteRunner.java:28)
at org.testng.SuiteRunner$SuiteWorker.run(SuiteRunner.java:418)
at org.testng.internal.thread.ThreadUtil.lambda$execute$0(ThreadUtil.java:64)
at java.base/java.util.concurrent.FutureTask.run(FutureTask.java:264)
at java.base/java.util.concurrent.ThreadPoolExecutor.runWorker(ThreadPoolExecutor.java:1130)
at java.base/java.util.concurrent.ThreadPoolExecutor$Worker.run(ThreadPoolExecutor.java:630)
at java.base/java.lang.Thread.run(Thread.java:832)
]]>
            </full-stacktrace>
          </exception> <!-- org.openqa.selenium.SessionNotCreatedException -->
          <reporter-output>
          </reporter-output>
        </test-method> <!-- open -->
        <test-method signature="testcase()[pri:0, instance:projectname.base.testcase3@3b77a04f]" started-at="2021-09-04T22:01:42 IST" name="testcase" finished-at="2021-09-04T22:01:42 IST" duration-ms="0" status="SKIP">
          <exception class="org.openqa.selenium.SessionNotCreatedException">
            <message>
              <![CDATA[session not created: This version of ChromeDriver only supports Chrome version 91
Current browser version is 93.0.4577.63 with binary path C:\Program Files (x86)\Google\Chrome\Application\chrome.exe
Build info: version: '3.141.59', revision: 'e82be7d358', time: '2018-11-14T08:17:03'
System info: host: 'NIN006414', ip: '192.168.56.1', os.name: 'Windows 10', os.arch: 'amd64', os.version: '10.0', java.version: '14.0.1'
Driver info: driver.version: ChromeDriver
remote stacktrace: Backtrace:
Ordinal0 [0x011E3733+2504499]
Ordinal0 [0x0117C401+2081793]
Ordinal0 [0x01082628+1058344]
Ordinal0 [0x010A071A+1181466]
Ordinal0 [0x0109C58C+1164684]
Ordinal0 [0x01099DC3+1154499]
Ordinal0 [0x010C9B82+1350530]
Ordinal0 [0x010C97DA+1349594]
Ordinal0 [0x010C5D4B+1334603]
Ordinal0 [0x010A22B4+1188532]
Ordinal0 [0x010A3149+1192265]
GetHandleVerifier [0x0135FB8C+1512252]
GetHandleVerifier [0x0140B0DF+2214031]
GetHandleVerifier [0x01264BC3+484211]
GetHandleVerifier [0x01263E69+480793]
Ordinal0 [0x0118218D+2105741]
Ordinal0 [0x011866E8+2123496]
Ordinal0 [0x01186827+2123815]
Ordinal0 [0x0118FB73+2161523]
BaseThreadInitThunk [0x74778674+36]
RtlGetAppContainerNamedObjectPath [0x77BF5E17+311]
RtlGetAppContainerNamedObjectPath [0x77BF5DE7+263]
]]>
            </message>
            <full-stacktrace>
              <![CDATA[org.openqa.selenium.SessionNotCreatedException: session not created: This version of ChromeDriver only supports Chrome version 91
Current browser version is 93.0.4577.63 with binary path C:\Program Files (x86)\Google\Chrome\Application\chrome.exe
Build info: version: '3.141.59', revision: 'e82be7d358', time: '2018-11-14T08:17:03'
System info: host: 'NIN006414', ip: '192.168.56.1', os.name: 'Windows 10', os.arch: 'amd64', os.version: '10.0', java.version: '14.0.1'
Driver info: driver.version: ChromeDriver
remote stacktrace: Backtrace:
Ordinal0 [0x011E3733+2504499]
Ordinal0 [0x0117C401+2081793]
Ordinal0 [0x01082628+1058344]
Ordinal0 [0x010A071A+1181466]
Ordinal0 [0x0109C58C+1164684]
Ordinal0 [0x01099DC3+1154499]
Ordinal0 [0x010C9B82+1350530]
Ordinal0 [0x010C97DA+1349594]
Ordinal0 [0x010C5D4B+1334603]
Ordinal0 [0x010A22B4+1188532]
Ordinal0 [0x010A3149+1192265]
GetHandleVerifier [0x0135FB8C+1512252]
GetHandleVerifier [0x0140B0DF+2214031]
GetHandleVerifier [0x01264BC3+484211]
GetHandleVerifier [0x01263E69+480793]
Ordinal0 [0x0118218D+2105741]
Ordinal0 [0x011866E8+2123496]
Ordinal0 [0x01186827+2123815]
Ordinal0 [0x0118FB73+2161523]
BaseThreadInitThunk [0x74778674+36]
RtlGetAppContainerNamedObjectPath [0x77BF5E17+311]
RtlGetAppContainerNamedObjectPath [0x77BF5DE7+263]

at java.base/jdk.internal.reflect.NativeConstructorAccessorImpl.newInstance0(Native Method)
at java.base/jdk.internal.reflect.NativeConstructorAccessorImpl.newInstance(NativeConstructorAccessorImpl.java:62)
at java.base/jdk.internal.reflect.DelegatingConstructorAccessorImpl.newInstance(DelegatingConstructorAccessorImpl.java:45)
at java.base/java.lang.reflect.Constructor.newInstanceWithCaller(Constructor.java:500)
at java.base/java.lang.reflect.Constructor.newInstance(Constructor.java:481)
at org.openqa.selenium.remote.W3CHandshakeResponse.lambda$errorHandler$0(W3CHandshakeResponse.java:62)
at org.openqa.selenium.remote.HandshakeResponse.lambda$getResponseFunction$0(HandshakeResponse.java:30)
at org.openqa.selenium.remote.ProtocolHandshake.lambda$createSession$0(ProtocolHandshake.java:126)
at java.base/java.util.stream.ReferencePipeline$3$1.accept(ReferencePipeline.java:195)
at java.base/java.util.Spliterators$ArraySpliterator.tryAdvance(Spliterators.java:958)
at java.base/java.util.stream.ReferencePipeline.forEachWithCancel(ReferencePipeline.java:127)
at java.base/java.util.stream.AbstractPipeline.copyIntoWithCancel(AbstractPipeline.java:502)
at java.base/java.util.stream.AbstractPipeline.copyInto(AbstractPipeline.java:488)
at java.base/java.util.stream.AbstractPipeline.wrapAndCopyInto(AbstractPipeline.java:474)
at java.base/java.util.stream.FindOps$FindOp.evaluateSequential(FindOps.java:150)
at java.base/java.util.stream.AbstractPipeline.evaluate(AbstractPipeline.java:234)
at java.base/java.util.stream.ReferencePipeline.findFirst(ReferencePipeline.java:543)
at org.openqa.selenium.remote.ProtocolHandshake.createSession(ProtocolHandshake.java:128)
at org.openqa.selenium.remote.ProtocolHandshake.createSession(ProtocolHandshake.java:74)
at org.openqa.selenium.remote.HttpCommandExecutor.execute(HttpCommandExecutor.java:136)
at org.openqa.selenium.remote.service.DriverCommandExecutor.execute(DriverCommandExecutor.java:83)
at org.openqa.selenium.remote.RemoteWebDriver.execute(RemoteWebDriver.java:552)
at org.openqa.selenium.remote.RemoteWebDriver.startSession(RemoteWebDriver.java:213)
at org.openqa.selenium.remote.RemoteWebDriver.<init>(RemoteWebDriver.java:131)
at org.openqa.selenium.chrome.ChromeDriver.<init>(ChromeDriver.java:181)
at org.openqa.selenium.chrome.ChromeDriver.<init>(ChromeDriver.java:168)
at org.openqa.selenium.chrome.ChromeDriver.<init>(ChromeDriver.java:157)
at resources.open.openbrowser(open.java:43)
at projectname.base.testcase3.open(testcase3.java:27)
at java.base/jdk.internal.reflect.NativeMethodAccessorImpl.invoke0(Native Method)
at java.base/jdk.internal.reflect.NativeMethodAccessorImpl.invoke(NativeMethodAccessorImpl.java:62)
at java.base/jdk.internal.reflect.DelegatingMethodAccessorImpl.invoke(DelegatingMethodAccessorImpl.java:43)
at java.base/java.lang.reflect.Method.invoke(Method.java:564)
at org.testng.internal.MethodInvocationHelper.invokeMethod(MethodInvocationHelper.java:133)
at org.testng.internal.MethodInvocationHelper.invokeMethodConsideringTimeout(MethodInvocationHelper.java:62)
at org.testng.internal.ConfigInvoker.invokeConfigurationMethod(ConfigInvoker.java:385)
at org.testng.internal.ConfigInvoker.invokeConfigurations(ConfigInvoker.java:321)
at org.testng.TestRunner.invokeTestConfigurations(TestRunner.java:637)
at org.testng.TestRunner.beforeRun(TestRunner.java:627)
at org.testng.TestRunner.run(TestRunner.java:589)
at org.testng.SuiteRunner.runTest(SuiteRunner.java:377)
at org.testng.SuiteRunner.access$000(SuiteRunner.java:28)
at org.testng.SuiteRunner$SuiteWorker.run(SuiteRunner.java:418)
at org.testng.internal.thread.ThreadUtil.lambda$execute$0(ThreadUtil.java:64)
at java.base/java.util.concurrent.FutureTask.run(FutureTask.java:264)
at java.base/java.util.concurrent.ThreadPoolExecutor.runWorker(ThreadPoolExecutor.java:1130)
at java.base/java.util.concurrent.ThreadPoolExecutor$Worker.run(ThreadPoolExecutor.java:630)
at java.base/java.lang.Thread.run(Thread.java:832)
]]>
            </full-stacktrace>
          </exception> <!-- org.openqa.selenium.SessionNotCreatedException -->
          <reporter-output>
          </reporter-output>
        </test-method> <!-- testcase -->
        <test-method is-config="true" signature="close()[pri:0, instance:projectname.base.testcase3@3b77a04f]" started-at="2021-09-04T22:01:42 IST" name="close" finished-at="1970-01-01T05:30:00 IST" duration-ms="-1630773102202" status="SKIP">
          <reporter-output>
          </reporter-output>
        </test-method> <!-- close -->
      </class> <!-- projectname.base.testcase3 -->
    </test> <!-- Test1 -->
  </suite> <!-- Suite -->
</testng-results>
