<?xml version="1.0" encoding="UTF-8"?>
<testsuite xmlns:xsi="http://www.w3.org/2001/XMLSchema-instance" xsi:noNamespaceSchemaLocation="https://maven.apache.org/surefire/maven-surefire-plugin/xsd/surefire-test-report-3.0.xsd" version="3.0" name="TestSuite" time="5.275" tests="6" errors="0" skipped="4" failures="2">
  <properties>
    <property name="java.specification.version" value="14"/>
    <property name="sun.cpu.isalist" value="amd64"/>
    <property name="sun.jnu.encoding" value="Cp1252"/>
    <property name="java.class.path" value="C:\Users\admin\eclipse-workspace\base\target\test-classes;C:\Users\admin\eclipse-workspace\base\target\classes;C:\Users\admin\.m2\repository\org\seleniumhq\selenium\selenium-java\3.141.59\selenium-java-3.141.59.jar;C:\Users\admin\.m2\repository\org\seleniumhq\selenium\selenium-api\3.141.59\selenium-api-3.141.59.jar;C:\Users\admin\.m2\repository\org\seleniumhq\selenium\selenium-chrome-driver\3.141.59\selenium-chrome-driver-3.141.59.jar;C:\Users\admin\.m2\repository\org\seleniumhq\selenium\selenium-edge-driver\3.141.59\selenium-edge-driver-3.141.59.jar;C:\Users\admin\.m2\repository\org\seleniumhq\selenium\selenium-firefox-driver\3.141.59\selenium-firefox-driver-3.141.59.jar;C:\Users\admin\.m2\repository\org\seleniumhq\selenium\selenium-ie-driver\3.141.59\selenium-ie-driver-3.141.59.jar;C:\Users\admin\.m2\repository\org\seleniumhq\selenium\selenium-opera-driver\3.141.59\selenium-opera-driver-3.141.59.jar;C:\Users\admin\.m2\repository\org\seleniumhq\selenium\selenium-remote-driver\3.141.59\selenium-remote-driver-3.141.59.jar;C:\Users\admin\.m2\repository\org\seleniumhq\selenium\selenium-safari-driver\3.141.59\selenium-safari-driver-3.141.59.jar;C:\Users\admin\.m2\repository\org\seleniumhq\selenium\selenium-support\3.141.59\selenium-support-3.141.59.jar;C:\Users\admin\.m2\repository\net\bytebuddy\byte-buddy\1.8.15\byte-buddy-1.8.15.jar;C:\Users\admin\.m2\repository\org\apache\commons\commons-exec\1.3\commons-exec-1.3.jar;C:\Users\admin\.m2\repository\com\google\guava\guava\25.0-jre\guava-25.0-jre.jar;C:\Users\admin\.m2\repository\com\google\code\findbugs\jsr305\1.3.9\jsr305-1.3.9.jar;C:\Users\admin\.m2\repository\org\checkerframework\checker-compat-qual\2.0.0\checker-compat-qual-2.0.0.jar;C:\Users\admin\.m2\repository\com\google\errorprone\error_prone_annotations\2.1.3\error_prone_annotations-2.1.3.jar;C:\Users\admin\.m2\repository\com\google\j2objc\j2objc-annotations\1.1\j2objc-annotations-1.1.jar;C:\Users\admin\.m2\repository\org\codehaus\mojo\animal-sniffer-annotations\1.14\animal-sniffer-annotations-1.14.jar;C:\Users\admin\.m2\repository\com\squareup\okhttp3\okhttp\3.11.0\okhttp-3.11.0.jar;C:\Users\admin\.m2\repository\com\squareup\okio\okio\1.14.0\okio-1.14.0.jar;C:\Users\admin\.m2\repository\org\testng\testng\7.4.0\testng-7.4.0.jar;C:\Users\admin\.m2\repository\com\beust\jcommander\1.78\jcommander-1.78.jar;C:\Users\admin\.m2\repository\org\webjars\jquery\3.5.1\jquery-3.5.1.jar;C:\Users\admin\.m2\repository\org\apache\logging\log4j\log4j-core\2.14.1\log4j-core-2.14.1.jar;C:\Users\admin\.m2\repository\org\apache\logging\log4j\log4j-api\2.14.1\log4j-api-2.14.1.jar;C:\Users\admin\.m2\repository\commons-io\commons-io\2.6\commons-io-2.6.jar;C:\Users\admin\.m2\repository\com\aventstack\extentreports\5.0.8\extentreports-5.0.8.jar;C:\Users\admin\.m2\repository\io\reactivex\rxjava3\rxjava\3.0.4\rxjava-3.0.4.jar;C:\Users\admin\.m2\repository\org\reactivestreams\reactive-streams\1.0.3\reactive-streams-1.0.3.jar;C:\Users\admin\.m2\repository\org\freemarker\freemarker\2.3.30\freemarker-2.3.30.jar;C:\Users\admin\.m2\repository\org\projectlombok\lombok\1.18.12\lombok-1.18.12.jar;C:\Users\admin\.m2\repository\com\google\code\gson\gson\2.8.6\gson-2.8.6.jar;C:\Users\admin\.m2\repository\org\junit\jupiter\junit-jupiter-params\5.7.1\junit-jupiter-params-5.7.1.jar;C:\Users\admin\.m2\repository\org\apiguardian\apiguardian-api\1.1.0\apiguardian-api-1.1.0.jar;C:\Users\admin\.m2\repository\org\junit\jupiter\junit-jupiter-api\5.7.1\junit-jupiter-api-5.7.1.jar;C:\Users\admin\.m2\repository\org\opentest4j\opentest4j\1.2.0\opentest4j-1.2.0.jar;C:\Users\admin\.m2\repository\org\junit\platform\junit-platform-commons\1.7.1\junit-platform-commons-1.7.1.jar;"/>
    <property name="java.vm.vendor" value="Oracle Corporation"/>
    <property name="sun.arch.data.model" value="64"/>
    <property name="user.variant" value=""/>
    <property name="java.vendor.url" value="https://java.oracle.com/"/>
    <property name="user.timezone" value="Asia/Calcutta"/>
    <property name="os.name" value="Windows 10"/>
    <property name="java.vm.specification.version" value="14"/>
    <property name="sun.java.launcher" value="SUN_STANDARD"/>
    <property name="user.country" value="IN"/>
    <property name="sun.boot.library.path" value="C:\Program Files\Java\jdk-14.0.1\bin"/>
    <property name="sun.java.command" value="C:\Users\admin\AppData\Local\Temp\surefire15851216730559442001\surefirebooter16710628587056277778.jar C:\Users\admin\AppData\Local\Temp\surefire15851216730559442001 2021-09-04T22-01-36_134-jvmRun1 surefire6296067603636014167tmp surefire_013633344481438501213tmp"/>
    <property name="jdk.debug" value="release"/>
    <property name="surefire.test.class.path" value="C:\Users\admin\eclipse-workspace\base\target\test-classes;C:\Users\admin\eclipse-workspace\base\target\classes;C:\Users\admin\.m2\repository\org\seleniumhq\selenium\selenium-java\3.141.59\selenium-java-3.141.59.jar;C:\Users\admin\.m2\repository\org\seleniumhq\selenium\selenium-api\3.141.59\selenium-api-3.141.59.jar;C:\Users\admin\.m2\repository\org\seleniumhq\selenium\selenium-chrome-driver\3.141.59\selenium-chrome-driver-3.141.59.jar;C:\Users\admin\.m2\repository\org\seleniumhq\selenium\selenium-edge-driver\3.141.59\selenium-edge-driver-3.141.59.jar;C:\Users\admin\.m2\repository\org\seleniumhq\selenium\selenium-firefox-driver\3.141.59\selenium-firefox-driver-3.141.59.jar;C:\Users\admin\.m2\repository\org\seleniumhq\selenium\selenium-ie-driver\3.141.59\selenium-ie-driver-3.141.59.jar;C:\Users\admin\.m2\repository\org\seleniumhq\selenium\selenium-opera-driver\3.141.59\selenium-opera-driver-3.141.59.jar;C:\Users\admin\.m2\repository\org\seleniumhq\selenium\selenium-remote-driver\3.141.59\selenium-remote-driver-3.141.59.jar;C:\Users\admin\.m2\repository\org\seleniumhq\selenium\selenium-safari-driver\3.141.59\selenium-safari-driver-3.141.59.jar;C:\Users\admin\.m2\repository\org\seleniumhq\selenium\selenium-support\3.141.59\selenium-support-3.141.59.jar;C:\Users\admin\.m2\repository\net\bytebuddy\byte-buddy\1.8.15\byte-buddy-1.8.15.jar;C:\Users\admin\.m2\repository\org\apache\commons\commons-exec\1.3\commons-exec-1.3.jar;C:\Users\admin\.m2\repository\com\google\guava\guava\25.0-jre\guava-25.0-jre.jar;C:\Users\admin\.m2\repository\com\google\code\findbugs\jsr305\1.3.9\jsr305-1.3.9.jar;C:\Users\admin\.m2\repository\org\checkerframework\checker-compat-qual\2.0.0\checker-compat-qual-2.0.0.jar;C:\Users\admin\.m2\repository\com\google\errorprone\error_prone_annotations\2.1.3\error_prone_annotations-2.1.3.jar;C:\Users\admin\.m2\repository\com\google\j2objc\j2objc-annotations\1.1\j2objc-annotations-1.1.jar;C:\Users\admin\.m2\repository\org\codehaus\mojo\animal-sniffer-annotations\1.14\animal-sniffer-annotations-1.14.jar;C:\Users\admin\.m2\repository\com\squareup\okhttp3\okhttp\3.11.0\okhttp-3.11.0.jar;C:\Users\admin\.m2\repository\com\squareup\okio\okio\1.14.0\okio-1.14.0.jar;C:\Users\admin\.m2\repository\org\testng\testng\7.4.0\testng-7.4.0.jar;C:\Users\admin\.m2\repository\com\beust\jcommander\1.78\jcommander-1.78.jar;C:\Users\admin\.m2\repository\org\webjars\jquery\3.5.1\jquery-3.5.1.jar;C:\Users\admin\.m2\repository\org\apache\logging\log4j\log4j-core\2.14.1\log4j-core-2.14.1.jar;C:\Users\admin\.m2\repository\org\apache\logging\log4j\log4j-api\2.14.1\log4j-api-2.14.1.jar;C:\Users\admin\.m2\repository\commons-io\commons-io\2.6\commons-io-2.6.jar;C:\Users\admin\.m2\repository\com\aventstack\extentreports\5.0.8\extentreports-5.0.8.jar;C:\Users\admin\.m2\repository\io\reactivex\rxjava3\rxjava\3.0.4\rxjava-3.0.4.jar;C:\Users\admin\.m2\repository\org\reactivestreams\reactive-streams\1.0.3\reactive-streams-1.0.3.jar;C:\Users\admin\.m2\repository\org\freemarker\freemarker\2.3.30\freemarker-2.3.30.jar;C:\Users\admin\.m2\repository\org\projectlombok\lombok\1.18.12\lombok-1.18.12.jar;C:\Users\admin\.m2\repository\com\google\code\gson\gson\2.8.6\gson-2.8.6.jar;C:\Users\admin\.m2\repository\org\junit\jupiter\junit-jupiter-params\5.7.1\junit-jupiter-params-5.7.1.jar;C:\Users\admin\.m2\repository\org\apiguardian\apiguardian-api\1.1.0\apiguardian-api-1.1.0.jar;C:\Users\admin\.m2\repository\org\junit\jupiter\junit-jupiter-api\5.7.1\junit-jupiter-api-5.7.1.jar;C:\Users\admin\.m2\repository\org\opentest4j\opentest4j\1.2.0\opentest4j-1.2.0.jar;C:\Users\admin\.m2\repository\org\junit\platform\junit-platform-commons\1.7.1\junit-platform-commons-1.7.1.jar;"/>
    <property name="sun.cpu.endian" value="little"/>
    <property name="user.home" value="C:\Users\admin"/>
    <property name="user.language" value="en"/>
    <property name="java.specification.vendor" value="Oracle Corporation"/>
    <property name="java.version.date" value="2020-04-14"/>
    <property name="java.home" value="C:\Program Files\Java\jdk-14.0.1"/>
    <property name="file.separator" value="\"/>
    <property name="basedir" value="C:\Users\admin\eclipse-workspace\base"/>
    <property name="java.vm.compressedOopsMode" value="32-bit"/>
    <property name="line.separator" value="&#10;"/>
    <property name="java.vm.specification.vendor" value="Oracle Corporation"/>
    <property name="java.specification.name" value="Java Platform API Specification"/>
    <property name="surefire.real.class.path" value="C:\Users\admin\AppData\Local\Temp\surefire15851216730559442001\surefirebooter16710628587056277778.jar"/>
    <property name="user.script" value=""/>
    <property name="sun.management.compiler" value="HotSpot 64-Bit Tiered Compilers"/>
    <property name="java.runtime.version" value="14.0.1+7"/>
    <property name="user.name" value="IN006414"/>
    <property name="path.separator" value=";"/>
    <property name="os.version" value="10.0"/>
    <property name="java.runtime.name" value="Java(TM) SE Runtime Environment"/>
    <property name="file.encoding" value="Cp1252"/>
    <property name="browser" value="chromeheadless"/>
    <property name="java.vm.name" value="Java HotSpot(TM) 64-Bit Server VM"/>
    <property name="localRepository" value="C:\Users\admin\.m2\repository"/>
    <property name="java.vendor.url.bug" value="https://bugreport.java.com/bugreport/"/>
    <property name="java.io.tmpdir" value="C:\Users\admin\AppData\Local\Temp\"/>
    <property name="java.version" value="14.0.1"/>
    <property name="user.dir" value="C:\Users\admin\eclipse-workspace\base"/>
    <property name="os.arch" value="amd64"/>
    <property name="java.vm.specification.name" value="Java Virtual Machine Specification"/>
    <property name="sun.os.patch.level" value=""/>
    <property name="java.library.path" value="C:\Program Files\Java\jdk-14.0.1\bin;C:\windows\Sun\Java\bin;C:\windows\system32;C:\windows;C:\Program Files (x86)\Common Files\Oracle\Java\javapath;C:\windows\system32;C:\windows;C:\windows\System32\Wbem;C:\windows\System32\WindowsPowerShell\v1.0\;C:\Program Files (x86)\Intel\Intel(R) Management Engine Components\DAL;C:\Program Files\Intel\Intel(R) Management Engine Components\DAL;C:\Program Files\Intel\WiFi\bin\;C:\Program Files\Common Files\Intel\WirelessCommon\;C:\Users\admin\Documents\TeamTalk\download\IN006414\Beta1.2.2.1\;C:\TDM-GCC-64\bin;C:\Android;C:\Windows\System32;C:\Program Files\nodejs\;C:\Program Files\Java\jdk-14.0.1\bin;C:\Users\admin\AppData\Local\Android\Sdk\tools;C:\Users\admin\AppData\Local\Android\Sdk\build-tools;C:\Users\admin\AppData\Local\Android\Sdk\platforms;C:\Users\admin\AppData\Local\Android\Sdk\platform-tools;C:\Users\admin\Downloads\apache-maven-3.8.2\bin;C:\Users\admin\AppData\Local\Microsoft\WindowsApps;C:\Users\admin\AppData\Roaming\npm;."/>
    <property name="java.vm.info" value="mixed mode, sharing"/>
    <property name="java.vendor" value="Oracle Corporation"/>
    <property name="java.vm.version" value="14.0.1+7"/>
    <property name="sun.io.unicode.encoding" value="UnicodeLittle"/>
    <property name="java.class.version" value="58.0"/>
  </properties>
  <testcase name="open" classname="projectname.base.testcases" time="4.386">
    <failure message="session not created: This version of ChromeDriver only supports Chrome version 91&#10;Current browser version is 93.0.4577.63 with binary path C:\Program Files (x86)\Google\Chrome\Application\chrome.exe&#10;Build info: version: &apos;3.141.59&apos;, revision: &apos;e82be7d358&apos;, time: &apos;2018-11-14T08:17:03&apos;&#10;System info: host: &apos;NIN006414&apos;, ip: &apos;192.168.56.1&apos;, os.name: &apos;Windows 10&apos;, os.arch: &apos;amd64&apos;, os.version: &apos;10.0&apos;, java.version: &apos;14.0.1&apos;&#10;Driver info: driver.version: ChromeDriver&#10;remote stacktrace: Backtrace:&#10;	Ordinal0 [0x011E3733+2504499]&#10;	Ordinal0 [0x0117C401+2081793]&#10;	Ordinal0 [0x01082628+1058344]&#10;	Ordinal0 [0x010A071A+1181466]&#10;	Ordinal0 [0x0109C58C+1164684]&#10;	Ordinal0 [0x01099DC3+1154499]&#10;	Ordinal0 [0x010C9B82+1350530]&#10;	Ordinal0 [0x010C97DA+1349594]&#10;	Ordinal0 [0x010C5D4B+1334603]&#10;	Ordinal0 [0x010A22B4+1188532]&#10;	Ordinal0 [0x010A3149+1192265]&#10;	GetHandleVerifier [0x0135FB8C+1512252]&#10;	GetHandleVerifier [0x0140B0DF+2214031]&#10;	GetHandleVerifier [0x01264BC3+484211]&#10;	GetHandleVerifier [0x01263E69+480793]&#10;	Ordinal0 [0x0118218D+2105741]&#10;	Ordinal0 [0x011866E8+2123496]&#10;	Ordinal0 [0x01186827+2123815]&#10;	Ordinal0 [0x0118FB73+2161523]&#10;	BaseThreadInitThunk [0x74778674+36]&#10;	RtlGetAppContainerNamedObjectPath [0x77BF5E17+311]&#10;	RtlGetAppContainerNamedObjectPath [0x77BF5DE7+263]&#10;" type="org.openqa.selenium.SessionNotCreatedException">org.openqa.selenium.SessionNotCreatedException: 
session not created: This version of ChromeDriver only supports Chrome version 91
Current browser version is 93.0.4577.63 with binary path C:\Program Files (x86)\Google\Chrome\Application\chrome.exe
Build info: version: '3.141.59', revision: 'e82be7d358', time: '2018-11-14T08:17:03'
System info: host: 'NIN006414', ip: '192.168.56.1', os.name: 'Windows 10', os.arch: 'amd64', os.version: '10.0', java.version: '14.0.1'
Driver info: driver.version: ChromeDriver
remote stacktrace: Backtrace:
	Ordinal0 [0x011E3733+2504499]
	Ordinal0 [0x0117C401+2081793]
	Ordinal0 [0x01082628+1058344]
	Ordinal0 [0x010A071A+1181466]
	Ordinal0 [0x0109C58C+1164684]
	Ordinal0 [0x01099DC3+1154499]
	Ordinal0 [0x010C9B82+1350530]
	Ordinal0 [0x010C97DA+1349594]
	Ordinal0 [0x010C5D4B+1334603]
	Ordinal0 [0x010A22B4+1188532]
	Ordinal0 [0x010A3149+1192265]
	GetHandleVerifier [0x0135FB8C+1512252]
	GetHandleVerifier [0x0140B0DF+2214031]
	GetHandleVerifier [0x01264BC3+484211]
	GetHandleVerifier [0x01263E69+480793]
	Ordinal0 [0x0118218D+2105741]
	Ordinal0 [0x011866E8+2123496]
	Ordinal0 [0x01186827+2123815]
	Ordinal0 [0x0118FB73+2161523]
	BaseThreadInitThunk [0x74778674+36]
	RtlGetAppContainerNamedObjectPath [0x77BF5E17+311]
	RtlGetAppContainerNamedObjectPath [0x77BF5DE7+263]

	at projectname.base.testcases.open(testcases.java:23)
</failure>
    <system-out><![CDATA[chromeheadless
chromeheadless
]]></system-out>
    <system-err><![CDATA[Starting ChromeDriver 91.0.4472.101 (af52a90bf87030dd1523486a1cd3ae25c5d76c9b-refs/branch-heads/4472@{#1462}) on port 25671
Only local connections are allowed.
Please see https://chromedriver.chromium.org/security-considerations for suggestions on keeping ChromeDriver safe.
ChromeDriver was started successfully.
Starting ChromeDriver 91.0.4472.101 (af52a90bf87030dd1523486a1cd3ae25c5d76c9b-refs/branch-heads/4472@{#1462}) on port 20432
Only local connections are allowed.
Please see https://chromedriver.chromium.org/security-considerations for suggestions on keeping ChromeDriver safe.
ChromeDriver was started successfully.
]]></system-err>
  </testcase>
  <testcase name="open" classname="projectname.base.testcase3" time="4.428">
    <failure message="session not created: This version of ChromeDriver only supports Chrome version 91&#10;Current browser version is 93.0.4577.63 with binary path C:\Program Files (x86)\Google\Chrome\Application\chrome.exe&#10;Build info: version: &apos;3.141.59&apos;, revision: &apos;e82be7d358&apos;, time: &apos;2018-11-14T08:17:03&apos;&#10;System info: host: &apos;NIN006414&apos;, ip: &apos;192.168.56.1&apos;, os.name: &apos;Windows 10&apos;, os.arch: &apos;amd64&apos;, os.version: &apos;10.0&apos;, java.version: &apos;14.0.1&apos;&#10;Driver info: driver.version: ChromeDriver&#10;remote stacktrace: Backtrace:&#10;	Ordinal0 [0x011E3733+2504499]&#10;	Ordinal0 [0x0117C401+2081793]&#10;	Ordinal0 [0x01082628+1058344]&#10;	Ordinal0 [0x010A071A+1181466]&#10;	Ordinal0 [0x0109C58C+1164684]&#10;	Ordinal0 [0x01099DC3+1154499]&#10;	Ordinal0 [0x010C9B82+1350530]&#10;	Ordinal0 [0x010C97DA+1349594]&#10;	Ordinal0 [0x010C5D4B+1334603]&#10;	Ordinal0 [0x010A22B4+1188532]&#10;	Ordinal0 [0x010A3149+1192265]&#10;	GetHandleVerifier [0x0135FB8C+1512252]&#10;	GetHandleVerifier [0x0140B0DF+2214031]&#10;	GetHandleVerifier [0x01264BC3+484211]&#10;	GetHandleVerifier [0x01263E69+480793]&#10;	Ordinal0 [0x0118218D+2105741]&#10;	Ordinal0 [0x011866E8+2123496]&#10;	Ordinal0 [0x01186827+2123815]&#10;	Ordinal0 [0x0118FB73+2161523]&#10;	BaseThreadInitThunk [0x74778674+36]&#10;	RtlGetAppContainerNamedObjectPath [0x77BF5E17+311]&#10;	RtlGetAppContainerNamedObjectPath [0x77BF5DE7+263]&#10;" type="org.openqa.selenium.SessionNotCreatedException">org.openqa.selenium.SessionNotCreatedException: 
session not created: This version of ChromeDriver only supports Chrome version 91
Current browser version is 93.0.4577.63 with binary path C:\Program Files (x86)\Google\Chrome\Application\chrome.exe
Build info: version: '3.141.59', revision: 'e82be7d358', time: '2018-11-14T08:17:03'
System info: host: 'NIN006414', ip: '192.168.56.1', os.name: 'Windows 10', os.arch: 'amd64', os.version: '10.0', java.version: '14.0.1'
Driver info: driver.version: ChromeDriver
remote stacktrace: Backtrace:
	Ordinal0 [0x011E3733+2504499]
	Ordinal0 [0x0117C401+2081793]
	Ordinal0 [0x01082628+1058344]
	Ordinal0 [0x010A071A+1181466]
	Ordinal0 [0x0109C58C+1164684]
	Ordinal0 [0x01099DC3+1154499]
	Ordinal0 [0x010C9B82+1350530]
	Ordinal0 [0x010C97DA+1349594]
	Ordinal0 [0x010C5D4B+1334603]
	Ordinal0 [0x010A22B4+1188532]
	Ordinal0 [0x010A3149+1192265]
	GetHandleVerifier [0x0135FB8C+1512252]
	GetHandleVerifier [0x0140B0DF+2214031]
	GetHandleVerifier [0x01264BC3+484211]
	GetHandleVerifier [0x01263E69+480793]
	Ordinal0 [0x0118218D+2105741]
	Ordinal0 [0x011866E8+2123496]
	Ordinal0 [0x01186827+2123815]
	Ordinal0 [0x0118FB73+2161523]
	BaseThreadInitThunk [0x74778674+36]
	RtlGetAppContainerNamedObjectPath [0x77BF5E17+311]
	RtlGetAppContainerNamedObjectPath [0x77BF5DE7+263]

	at projectname.base.testcase3.open(testcase3.java:27)
</failure>
  </testcase>
  <testcase name="test" classname="projectname.base.testcases" time="0">
    <skipped message="session not created: This version of ChromeDriver only supports Chrome version 91&#10;Current browser version is 93.0.4577.63 with binary path C:\Program Files (x86)\Google\Chrome\Application\chrome.exe&#10;Build info: version: &apos;3.141.59&apos;, revision: &apos;e82be7d358&apos;, time: &apos;2018-11-14T08:17:03&apos;&#10;System info: host: &apos;NIN006414&apos;, ip: &apos;192.168.56.1&apos;, os.name: &apos;Windows 10&apos;, os.arch: &apos;amd64&apos;, os.version: &apos;10.0&apos;, java.version: &apos;14.0.1&apos;&#10;Driver info: driver.version: ChromeDriver&#10;remote stacktrace: Backtrace:&#10;	Ordinal0 [0x011E3733+2504499]&#10;	Ordinal0 [0x0117C401+2081793]&#10;	Ordinal0 [0x01082628+1058344]&#10;	Ordinal0 [0x010A071A+1181466]&#10;	Ordinal0 [0x0109C58C+1164684]&#10;	Ordinal0 [0x01099DC3+1154499]&#10;	Ordinal0 [0x010C9B82+1350530]&#10;	Ordinal0 [0x010C97DA+1349594]&#10;	Ordinal0 [0x010C5D4B+1334603]&#10;	Ordinal0 [0x010A22B4+1188532]&#10;	Ordinal0 [0x010A3149+1192265]&#10;	GetHandleVerifier [0x0135FB8C+1512252]&#10;	GetHandleVerifier [0x0140B0DF+2214031]&#10;	GetHandleVerifier [0x01264BC3+484211]&#10;	GetHandleVerifier [0x01263E69+480793]&#10;	Ordinal0 [0x0118218D+2105741]&#10;	Ordinal0 [0x011866E8+2123496]&#10;	Ordinal0 [0x01186827+2123815]&#10;	Ordinal0 [0x0118FB73+2161523]&#10;	BaseThreadInitThunk [0x74778674+36]&#10;	RtlGetAppContainerNamedObjectPath [0x77BF5E17+311]&#10;	RtlGetAppContainerNamedObjectPath [0x77BF5DE7+263]&#10;"/>
  </testcase>
  <testcase name="testcase" classname="projectname.base.testcase3" time="0">
    <skipped message="session not created: This version of ChromeDriver only supports Chrome version 91&#10;Current browser version is 93.0.4577.63 with binary path C:\Program Files (x86)\Google\Chrome\Application\chrome.exe&#10;Build info: version: &apos;3.141.59&apos;, revision: &apos;e82be7d358&apos;, time: &apos;2018-11-14T08:17:03&apos;&#10;System info: host: &apos;NIN006414&apos;, ip: &apos;192.168.56.1&apos;, os.name: &apos;Windows 10&apos;, os.arch: &apos;amd64&apos;, os.version: &apos;10.0&apos;, java.version: &apos;14.0.1&apos;&#10;Driver info: driver.version: ChromeDriver&#10;remote stacktrace: Backtrace:&#10;	Ordinal0 [0x011E3733+2504499]&#10;	Ordinal0 [0x0117C401+2081793]&#10;	Ordinal0 [0x01082628+1058344]&#10;	Ordinal0 [0x010A071A+1181466]&#10;	Ordinal0 [0x0109C58C+1164684]&#10;	Ordinal0 [0x01099DC3+1154499]&#10;	Ordinal0 [0x010C9B82+1350530]&#10;	Ordinal0 [0x010C97DA+1349594]&#10;	Ordinal0 [0x010C5D4B+1334603]&#10;	Ordinal0 [0x010A22B4+1188532]&#10;	Ordinal0 [0x010A3149+1192265]&#10;	GetHandleVerifier [0x0135FB8C+1512252]&#10;	GetHandleVerifier [0x0140B0DF+2214031]&#10;	GetHandleVerifier [0x01264BC3+484211]&#10;	GetHandleVerifier [0x01263E69+480793]&#10;	Ordinal0 [0x0118218D+2105741]&#10;	Ordinal0 [0x011866E8+2123496]&#10;	Ordinal0 [0x01186827+2123815]&#10;	Ordinal0 [0x0118FB73+2161523]&#10;	BaseThreadInitThunk [0x74778674+36]&#10;	RtlGetAppContainerNamedObjectPath [0x77BF5E17+311]&#10;	RtlGetAppContainerNamedObjectPath [0x77BF5DE7+263]&#10;"/>
  </testcase>
  <testcase name="close" classname="projectname.base.testcase3" time="0">
    <skipped/>
  </testcase>
  <testcase name="close" classname="projectname.base.testcases" time="0">
    <skipped/>
  </testcase>
</testsuite>